{
  "status": "error",
  "source_count": 4,
  "written_count": 3,
  "rerendered_count": 0,
  "skipped_count": 0,
  "error_count": 1,
  "results": [
    {
      "source_id": "w06l1-grundbog-kapitel-4-f-nomenologisk-personlighedsp-1afa74d2",
      "status": "written",
      "output_dir": "/Users/oskar/repo/podcasts/notebooklm-podcast-auto/personlighedspsykologi/output",
      "json_path": "/Users/oskar/repo/podcasts/notebooklm-podcast-auto/personlighedspsykologi/output/printout-json/w06l1-grundbog-kapitel-4-f-nomenologisk-personlighedsp-1afa74d2/reading-printouts.json",
      "markdown_paths": [],
      "pdf_paths": [
        "/Users/oskar/repo/podcasts/notebooklm-podcast-auto/personlighedspsykologi/output/W06L1--w06l1-grundbog-kapitel-4-f-nomenologisk-personlighedsp-1afa74d2--00-cover.pdf",
        "/Users/oskar/repo/podcasts/notebooklm-podcast-auto/personlighedspsykologi/output/W06L1--w06l1-grundbog-kapitel-4-f-nomenologisk-personlighedsp-1afa74d2--01-reading-guide.pdf",
        "/Users/oskar/repo/podcasts/notebooklm-podcast-auto/personlighedspsykologi/output/W06L1--w06l1-grundbog-kapitel-4-f-nomenologisk-personlighedsp-1afa74d2--02-active-reading.pdf",
        "/Users/oskar/repo/podcasts/notebooklm-podcast-auto/personlighedspsykologi/output/W06L1--w06l1-grundbog-kapitel-4-f-nomenologisk-personlighedsp-1afa74d2--03-abridged-version.pdf",
        "/Users/oskar/repo/podcasts/notebooklm-podcast-auto/personlighedspsykologi/output/W06L1--w06l1-grundbog-kapitel-4-f-nomenologisk-personlighedsp-1afa74d2--04-consolidation-sheet.pdf"
      ],
      "generation_stats": {
        "attempt_count": 1,
        "transient_error_count": 0,
        "last_transient_error": ""
      }
    },
    {
      "source_id": "w07l1-jacobsen-2021-26129bff",
      "status": "written",
      "output_dir": "/Users/oskar/repo/podcasts/notebooklm-podcast-auto/personlighedspsykologi/output",
      "json_path": "/Users/oskar/repo/podcasts/notebooklm-podcast-auto/personlighedspsykologi/output/printout-json/w07l1-jacobsen-2021-26129bff/reading-printouts.json",
      "markdown_paths": [],
      "pdf_paths": [
        "/Users/oskar/repo/podcasts/notebooklm-podcast-auto/personlighedspsykologi/output/W07L1--w07l1-jacobsen-2021-26129bff--00-cover.pdf",
        "/Users/oskar/repo/podcasts/notebooklm-podcast-auto/personlighedspsykologi/output/W07L1--w07l1-jacobsen-2021-26129bff--01-reading-guide.pdf",
        "/Users/oskar/repo/podcasts/notebooklm-podcast-auto/personlighedspsykologi/output/W07L1--w07l1-jacobsen-2021-26129bff--02-active-reading.pdf",
        "/Users/oskar/repo/podcasts/notebooklm-podcast-auto/personlighedspsykologi/output/W07L1--w07l1-jacobsen-2021-26129bff--03-abridged-version.pdf",
        "/Users/oskar/repo/podcasts/notebooklm-podcast-auto/personlighedspsykologi/output/W07L1--w07l1-jacobsen-2021-26129bff--04-consolidation-sheet.pdf"
      ],
      "generation_stats": {
        "attempt_count": 1,
        "transient_error_count": 0,
        "last_transient_error": ""
      }
    },
    {
      "source_id": "w11l1-grundbog-kapitel-11-postpsykologisk-subjektiveri-3557aeb2",
      "status": "written",
      "output_dir": "/Users/oskar/repo/podcasts/notebooklm-podcast-auto/personlighedspsykologi/output",
      "json_path": "/Users/oskar/repo/podcasts/notebooklm-podcast-auto/personlighedspsykologi/output/printout-json/w11l1-grundbog-kapitel-11-postpsykologisk-subjektiveri-3557aeb2/reading-printouts.json",
      "markdown_paths": [],
      "pdf_paths": [
        "/Users/oskar/repo/podcasts/notebooklm-podcast-auto/personlighedspsykologi/output/W11L1--w11l1-grundbog-kapitel-11-postpsykologisk-subjektiveri-3557aeb2--00-cover.pdf",
        "/Users/oskar/repo/podcasts/notebooklm-podcast-auto/personlighedspsykologi/output/W11L1--w11l1-grundbog-kapitel-11-postpsykologisk-subjektiveri-3557aeb2--01-reading-guide.pdf",
        "/Users/oskar/repo/podcasts/notebooklm-podcast-auto/personlighedspsykologi/output/W11L1--w11l1-grundbog-kapitel-11-postpsykologisk-subjektiveri-3557aeb2--02-active-reading.pdf",
        "/Users/oskar/repo/podcasts/notebooklm-podcast-auto/personlighedspsykologi/output/W11L1--w11l1-grundbog-kapitel-11-postpsykologisk-subjektiveri-3557aeb2--03-abridged-version.pdf",
        "/Users/oskar/repo/podcasts/notebooklm-podcast-auto/personlighedspsykologi/output/W11L1--w11l1-grundbog-kapitel-11-postpsykologisk-subjektiveri-3557aeb2--04-consolidation-sheet.pdf"
      ],
      "generation_stats": {
        "attempt_count": 1,
        "transient_error_count": 0,
        "last_transient_error": ""
      }
    }
  ],
  "errors": [
    {
      "source_id": "w05l2-k-ppe-1992-9a474402",
      "error": "PrintoutError: reading guide teaser paragraphs must not read like a fill-out question list"
    }
  ]
}
